{"/Users/shiva.gunasehkaran/Documents/React_workspace/LiftDemo/src/themes/index.js": {"path":"/Users/shiva.gunasehkaran/Documents/React_workspace/LiftDemo/src/themes/index.js","statementMap":{"0":{"start":{"line":3,"column":14},"end":{"line":5,"column":1}}},"fnMap":{},"branchMap":{},"s":{"0":3},"f":{},"b":{},"_coverageSchema":"43e27e138ebf9cfc5966b082cf9a028302ed4184","hash":"e611d1c78868695e616f6af08db00074bcf5a7e9"}
,"/Users/shiva.gunasehkaran/Documents/React_workspace/LiftDemo/src/themes/colors/index.js": {"path":"/Users/shiva.gunasehkaran/Documents/React_workspace/LiftDemo/src/themes/colors/index.js","statementMap":{"0":{"start":{"line":1,"column":15},"end":{"line":8,"column":1}}},"fnMap":{},"branchMap":{},"s":{"0":3},"f":{},"b":{},"_coverageSchema":"43e27e138ebf9cfc5966b082cf9a028302ed4184","hash":"283f14dee1fb60ca14593456017bee0e867fe145"}
,"/Users/shiva.gunasehkaran/Documents/React_workspace/LiftDemo/src/views/components/button/CustomLiftArrowButton/index.js": {"path":"/Users/shiva.gunasehkaran/Documents/React_workspace/LiftDemo/src/views/components/button/CustomLiftArrowButton/index.js","statementMap":{"0":{"start":{"line":12,"column":30},"end":{"line":61,"column":1}},"1":{"start":{"line":17,"column":8},"end":{"line":17,"column":13}},"2":{"start":{"line":19,"column":4},"end":{"line":60,"column":6}}},"fnMap":{"0":{"name":"(anonymous_0)","decl":{"start":{"line":12,"column":30},"end":{"line":12,"column":31}},"loc":{"start":{"line":12,"column":41},"end":{"line":61,"column":1}},"line":12}},"branchMap":{},"s":{"0":1,"1":14,"2":14},"f":{"0":14},"b":{},"_coverageSchema":"43e27e138ebf9cfc5966b082cf9a028302ed4184","hash":"a51be162c18589ed529435cd0a73d69ae88aab03"}
,"/Users/shiva.gunasehkaran/Documents/React_workspace/LiftDemo/src/views/screens/About/About.js": {"path":"/Users/shiva.gunasehkaran/Documents/React_workspace/LiftDemo/src/views/screens/About/About.js","statementMap":{"0":{"start":{"line":6,"column":31},"end":{"line":11,"column":6}},"1":{"start":{"line":6,"column":50},"end":{"line":11,"column":5}},"2":{"start":{"line":14,"column":8},"end":{"line":26,"column":10}},"3":{"start":{"line":30,"column":15},"end":{"line":50,"column":2}}},"fnMap":{"0":{"name":"(anonymous_0)","decl":{"start":{"line":6,"column":31},"end":{"line":6,"column":32}},"loc":{"start":{"line":6,"column":50},"end":{"line":11,"column":5}},"line":6},"1":{"name":"(anonymous_1)","decl":{"start":{"line":13,"column":4},"end":{"line":13,"column":5}},"loc":{"start":{"line":13,"column":13},"end":{"line":27,"column":5}},"line":13}},"branchMap":{},"s":{"0":1,"1":0,"2":1,"3":1},"f":{"0":0,"1":1},"b":{},"_coverageSchema":"43e27e138ebf9cfc5966b082cf9a028302ed4184","hash":"5b65791516609f8f3c630b1223d9369dc0564ba0"}
,"/Users/shiva.gunasehkaran/Documents/React_workspace/LiftDemo/src/views/screens/Detail/Detail.js": {"path":"/Users/shiva.gunasehkaran/Documents/React_workspace/LiftDemo/src/views/screens/Detail/Detail.js","statementMap":{"0":{"start":{"line":6,"column":31},"end":{"line":11,"column":6}},"1":{"start":{"line":6,"column":50},"end":{"line":11,"column":5}},"2":{"start":{"line":14,"column":28},"end":{"line":14,"column":73}},"3":{"start":{"line":15,"column":8},"end":{"line":24,"column":10}},"4":{"start":{"line":28,"column":15},"end":{"line":41,"column":2}}},"fnMap":{"0":{"name":"(anonymous_0)","decl":{"start":{"line":6,"column":31},"end":{"line":6,"column":32}},"loc":{"start":{"line":6,"column":50},"end":{"line":11,"column":5}},"line":6},"1":{"name":"(anonymous_1)","decl":{"start":{"line":13,"column":4},"end":{"line":13,"column":5}},"loc":{"start":{"line":13,"column":13},"end":{"line":25,"column":5}},"line":13}},"branchMap":{},"s":{"0":1,"1":0,"2":1,"3":0,"4":1},"f":{"0":0,"1":1},"b":{},"_coverageSchema":"43e27e138ebf9cfc5966b082cf9a028302ed4184","hash":"211a2091f7648759ff9c7b29a477ec6bf8d568d2"}
,"/Users/shiva.gunasehkaran/Documents/React_workspace/LiftDemo/src/views/screens/Home/Home.js": {"path":"/Users/shiva.gunasehkaran/Documents/React_workspace/LiftDemo/src/views/screens/Home/Home.js","statementMap":{"0":{"start":{"line":7,"column":31},"end":{"line":12,"column":6}},"1":{"start":{"line":7,"column":38},"end":{"line":12,"column":5}},"2":{"start":{"line":15,"column":8},"end":{"line":15,"column":21}},"3":{"start":{"line":16,"column":8},"end":{"line":21,"column":10}},"4":{"start":{"line":25,"column":8},"end":{"line":27,"column":11}},"5":{"start":{"line":31,"column":21},"end":{"line":44,"column":5}},"6":{"start":{"line":32,"column":8},"end":{"line":32,"column":27}},"7":{"start":{"line":33,"column":8},"end":{"line":33,"column":29}},"8":{"start":{"line":34,"column":8},"end":{"line":34,"column":32}},"9":{"start":{"line":36,"column":29},"end":{"line":36,"column":62}},"10":{"start":{"line":39,"column":8},"end":{"line":41,"column":11}},"11":{"start":{"line":43,"column":8},"end":{"line":43,"column":28}},"12":{"start":{"line":47,"column":20},"end":{"line":49,"column":5}},"13":{"start":{"line":48,"column":8},"end":{"line":48,"column":48}},"14":{"start":{"line":52,"column":22},"end":{"line":54,"column":5}},"15":{"start":{"line":53,"column":8},"end":{"line":53,"column":50}},"16":{"start":{"line":57,"column":17},"end":{"line":65,"column":5}},"17":{"start":{"line":58,"column":8},"end":{"line":64,"column":10}},"18":{"start":{"line":68,"column":21},"end":{"line":70,"column":5}},"19":{"start":{"line":69,"column":8},"end":{"line":69,"column":78}},"20":{"start":{"line":72,"column":22},"end":{"line":82,"column":5}},"21":{"start":{"line":73,"column":8},"end":{"line":81,"column":10}},"22":{"start":{"line":85,"column":8},"end":{"line":91,"column":9}},"23":{"start":{"line":86,"column":12},"end":{"line":90,"column":14}},"24":{"start":{"line":92,"column":8},"end":{"line":114,"column":10}},"25":{"start":{"line":104,"column":44},"end":{"line":104,"column":65}},"26":{"start":{"line":118,"column":15},"end":{"line":135,"column":2}}},"fnMap":{"0":{"name":"(anonymous_0)","decl":{"start":{"line":7,"column":31},"end":{"line":7,"column":32}},"loc":{"start":{"line":7,"column":38},"end":{"line":12,"column":5}},"line":7},"1":{"name":"(anonymous_1)","decl":{"start":{"line":14,"column":4},"end":{"line":14,"column":5}},"loc":{"start":{"line":14,"column":23},"end":{"line":22,"column":5}},"line":14},"2":{"name":"(anonymous_2)","decl":{"start":{"line":24,"column":4},"end":{"line":24,"column":5}},"loc":{"start":{"line":24,"column":24},"end":{"line":28,"column":5}},"line":24},"3":{"name":"(anonymous_3)","decl":{"start":{"line":31,"column":21},"end":{"line":31,"column":22}},"loc":{"start":{"line":31,"column":53},"end":{"line":44,"column":5}},"line":31},"4":{"name":"(anonymous_4)","decl":{"start":{"line":47,"column":20},"end":{"line":47,"column":21}},"loc":{"start":{"line":47,"column":30},"end":{"line":49,"column":5}},"line":47},"5":{"name":"(anonymous_5)","decl":{"start":{"line":52,"column":22},"end":{"line":52,"column":23}},"loc":{"start":{"line":52,"column":32},"end":{"line":54,"column":5}},"line":52},"6":{"name":"(anonymous_6)","decl":{"start":{"line":57,"column":17},"end":{"line":57,"column":18}},"loc":{"start":{"line":57,"column":27},"end":{"line":65,"column":5}},"line":57},"7":{"name":"(anonymous_7)","decl":{"start":{"line":68,"column":21},"end":{"line":68,"column":22}},"loc":{"start":{"line":68,"column":27},"end":{"line":70,"column":5}},"line":68},"8":{"name":"(anonymous_8)","decl":{"start":{"line":72,"column":22},"end":{"line":72,"column":23}},"loc":{"start":{"line":72,"column":28},"end":{"line":82,"column":5}},"line":72},"9":{"name":"(anonymous_9)","decl":{"start":{"line":84,"column":4},"end":{"line":84,"column":5}},"loc":{"start":{"line":84,"column":13},"end":{"line":115,"column":5}},"line":84},"10":{"name":"(anonymous_10)","decl":{"start":{"line":104,"column":32},"end":{"line":104,"column":33}},"loc":{"start":{"line":104,"column":44},"end":{"line":104,"column":65}},"line":104}},"branchMap":{"0":{"loc":{"start":{"line":85,"column":8},"end":{"line":91,"column":9}},"type":"if","locations":[{"start":{"line":85,"column":8},"end":{"line":91,"column":9}},{"start":{"line":85,"column":8},"end":{"line":91,"column":9}}],"line":85}},"s":{"0":1,"1":0,"2":2,"3":2,"4":2,"5":2,"6":0,"7":0,"8":0,"9":0,"10":0,"11":0,"12":2,"13":0,"14":2,"15":0,"16":2,"17":14,"18":2,"19":0,"20":2,"21":12,"22":4,"23":2,"24":2,"25":14,"26":1},"f":{"0":0,"1":2,"2":2,"3":0,"4":0,"5":0,"6":14,"7":0,"8":12,"9":4,"10":14},"b":{"0":[2,2]},"_coverageSchema":"43e27e138ebf9cfc5966b082cf9a028302ed4184","hash":"d4b47cb2ce9da6e771a904c807c12871227eba54"}
}
