TN:
SF:/Users/shiva.gunasehkaran/Documents/React_workspace/LiftDemo/src/themes/index.js
FNF:0
FNH:0
DA:3,3
LF:1
LH:1
BRF:0
BRH:0
end_of_record
TN:
SF:/Users/shiva.gunasehkaran/Documents/React_workspace/LiftDemo/src/themes/colors/index.js
FNF:0
FNH:0
DA:1,3
LF:1
LH:1
BRF:0
BRH:0
end_of_record
TN:
SF:/Users/shiva.gunasehkaran/Documents/React_workspace/LiftDemo/src/views/components/button/CustomLiftArrowButton/index.js
FN:12,(anonymous_0)
FNF:1
FNH:1
FNDA:14,(anonymous_0)
DA:12,1
DA:17,14
DA:19,14
LF:3
LH:3
BRF:0
BRH:0
end_of_record
TN:
SF:/Users/shiva.gunasehkaran/Documents/React_workspace/LiftDemo/src/views/screens/About/About.js
FN:6,(anonymous_0)
FN:13,(anonymous_1)
FNF:2
FNH:1
FNDA:0,(anonymous_0)
FNDA:1,(anonymous_1)
DA:6,1
DA:14,1
DA:30,1
LF:3
LH:3
BRF:0
BRH:0
end_of_record
TN:
SF:/Users/shiva.gunasehkaran/Documents/React_workspace/LiftDemo/src/views/screens/Detail/Detail.js
FN:6,(anonymous_0)
FN:13,(anonymous_1)
FNF:2
FNH:1
FNDA:0,(anonymous_0)
FNDA:1,(anonymous_1)
DA:6,1
DA:14,1
DA:15,0
DA:28,1
LF:4
LH:3
BRF:0
BRH:0
end_of_record
TN:
SF:/Users/shiva.gunasehkaran/Documents/React_workspace/LiftDemo/src/views/screens/Home/Home.js
FN:7,(anonymous_0)
FN:14,(anonymous_1)
FN:24,(anonymous_2)
FN:31,(anonymous_3)
FN:47,(anonymous_4)
FN:52,(anonymous_5)
FN:57,(anonymous_6)
FN:68,(anonymous_7)
FN:72,(anonymous_8)
FN:84,(anonymous_9)
FN:104,(anonymous_10)
FNF:11
FNH:6
FNDA:0,(anonymous_0)
FNDA:2,(anonymous_1)
FNDA:2,(anonymous_2)
FNDA:0,(anonymous_3)
FNDA:0,(anonymous_4)
FNDA:0,(anonymous_5)
FNDA:14,(anonymous_6)
FNDA:0,(anonymous_7)
FNDA:12,(anonymous_8)
FNDA:4,(anonymous_9)
FNDA:14,(anonymous_10)
DA:7,1
DA:15,2
DA:16,2
DA:25,2
DA:31,2
DA:32,0
DA:33,0
DA:34,0
DA:36,0
DA:39,0
DA:43,0
DA:47,2
DA:48,0
DA:52,2
DA:53,0
DA:57,2
DA:58,14
DA:68,2
DA:69,0
DA:72,2
DA:73,12
DA:85,4
DA:86,2
DA:92,2
DA:104,14
DA:118,1
LF:26
LH:17
BRDA:85,0,0,2
BRDA:85,0,1,2
BRF:2
BRH:2
end_of_record
